cleaning_rule, 15.398397523184313, 10743
Action_In_PDF, 9.26225866097152, 6462
oldversion_In_PDF, 2.2317141341895166, 1557
suspicious_version, 0.7883383261427321, 550
js_wrong_version, 2.121346768529534, 1480
suspicious_javascript_object, 12.831281264781344, 8952
pdf_warning_openaction, 10.235498158155002, 7141
XFA_in_PDF, 1.8647784769303537, 1301
invalid_xref_numbers, 2.4997491650780455, 1744
invalide_structure_PDF, 5.281866785156306, 3685
invalid_trailer_structure, 5.281866785156306, 3685
suspicious_author, 1.3129416486304413, 916
suspicious_producer, 0.695171069416773, 485
suspicious_EmbeddedFile_my_rule_object, 2.1399802198747255, 1493
suspicious_flash_Embedded_Flash, 0.06306706609141857, 44
suspicious_flash_Embedded_Flash_define_obj, 0.041566929923889516, 29
suspicious_creator, 1.7587111385038772, 1227
suspicious_obfuscation_using_eval, 0.8313385984777902, 580
ASCIIDecode_In_PDF, 0.8958390069803776, 625
potential_exploit_PDF, 0.9273725400260868, 647
multiple_filtering, 0.2580016340103487, 180
possible_exploit, 0.5833703613456219, 407
multiple_versions, 0.9861395788839995, 688
pdf_warning_remote_action, 0.9875729212951682, 689
suspicious_embedded_external_content, 0.9431393065489414, 658
invalid_XObject_js, 0.6579041667263893, 459
XFA_withJS_in_PDF, 1.1122737110668368, 776
malicious_author, 1.0291398512190577, 718
suspicious_creation, 1.288574827640575, 899
suspicious_title, 1.1939742285034471, 833
shellcode_hash__ExitProcess, 1.0262731663967204, 716
shellcode_hash__LoadLibraryA, 1.0406065905084065, 726
shellcode_hash__WinExec, 1.0406065905084065, 726
shellcode_hash__URLDownloadToFileA, 1.0406065905084065, 726
suspicious_obfuscation_using_unescape, 1.5121762437828774, 1055
suspicious_javascript_in_XFA_block, 1.1122737110668368, 776
suspicious_obfuscation_using_substr, 1.143807244112546, 798
phoenix_pdf, 0.03870024510155231, 27
FlateDecode_wrong_version, 0.8786388980463543, 613
suspicious_string__HeapSpray_, 0.07883383261427322, 55
suspicious_string__shellcode_, 0.1433342411168604, 100
pdf_exploit_ToolButton_use_after_free_CVE_2014_0496, 0.0702337781472616, 49
suspicious_javascript_addToolButton, 0.0702337781472616, 49
suspicious_launch_action, 0.5102698983760231, 356
suspicious_embed, 0.2522682643656743, 176
suspicious_js, 0.3726690269038371, 260
suspicious_obfuscation_using_app_setTimeOut_to_eval_code, 0.17916780139607552, 125
suspicious_obfuscation, 0.025800163401034873, 18
BlackHole_v2, 0.01433342411168604, 10
suspicious_obfuscation_using_String_replace, 0.419969326472401, 293
PDF_fileexport, 0.5131365831983602, 358
embed_wrong_version, 0.4042025599495463, 282
suspicious_string__Run_Sploit_, 0.005733369644674417, 4
suspicious_flash_writeMultiByte, 0.008600054467011625, 6
suspicious_flash_addFrameScript, 0.008600054467011625, 6
suspicious_obfuscation_using_substring, 0.17343443175140108, 121
suspicious_obfuscation_toString, 0.14763426835036622, 103
suspicious_obfuscation_using_String_fromCharCode, 0.34400217868046495, 240
pdf_exploit_execute_EXE_file, 0.19636791033009873, 137
URI_on_OPENACTION_in_PDF, 0.16770106210672667, 117
PDF_Embedded_Exe, 0.17200108934023248, 120
suspicious_pdf_embedded_PDF_file, 0.17773445898490692, 124
pdf_exploit_access_system32_directory, 0.17773445898490692, 124
pdf_exploit_execute_action_command, 0.17773445898490692, 124
pdf_execute_access_system32_directory, 0.17773445898490692, 124
suspicious_flash_Adobe_Shockwave_Flash_in_a_PDF_define_obj_type, 0.05446701162440695, 38
suspicious_string_Shellcode_NOP_sled, 0.05876703885791276, 41
pdf_exploit_Collab_getIcon_CVE_2009_0927, 0.05446701162440695, 38
pdf_exploit_Collab_collectEmailInfo_CVE_2008_0655, 0.051600326802069746, 36
suspicious_string_heap_spray_shellcode, 0.05446701162440695, 38
suspicious_string_shellcode, 0.06163372368024997, 43
pdf_suspicious_util_printd_used_to_fill_buffers, 0.030100190634540683, 21
pdf_exploit_media_newPlayer_CVE_2009_4324, 0.01720010893402325, 12
header_evasion, 0.02436682098986627, 17
js_splitting, 0.04013358751272091, 28
suspicious_embedded_OLE_document_header, 0.008600054467011625, 6
pdf_exploit_util_printf_CVE_2008_2992, 0.041566929923889516, 29
blackhole2_pdf, 0.0028666848223372083, 2
shellcode_metadata_PDF, 0.0344002178680465, 24
shellcode_blob_metadata, 0.0344002178680465, 24
suspicious_obfuscation_getAnnots_access_blocks, 0.011466739289348833, 8
suspicious_embedded_doc_file, 0.022933478578697666, 16
flash_exploit_CVE_2011_0611, 0.0014333424111686041, 1
suspicious_string_nopblock, 0.010033396878180228, 7
pdf_exploit_FlateDecode_Stream_Predictor_02_Integer_Overflow_CVE_2009_3459, 0.0043000272335058124, 3
pdf_exploit_colors_number_is_high_CVE_2009_3459, 0.008600054467011625, 6
pdf_exploit_Sandbox_Bypass_CVE_2013_0641, 0.01433342411168604, 10
pdf_exploit_URI_directory_traversal, 0.0014333424111686041, 1
pdf_exploit_URI_directory_traversal_system32, 0.0014333424111686041, 1
XFA_exploit_in_PDF, 0.0028666848223372083, 2
pdf_exploit_using_TIFF_overflow_CVE_2010_0188, 0.0028666848223372083, 2
suspicious_string_base_64_nop_sled_used_in_TIFF_overflow_CVE_2010_0188, 0.0028666848223372083, 2
pdf_exploit_TIFF_overflow_CVE_2010_0188, 0.0014333424111686041, 1
shellcode_hash__CloseHandle, 0.0014333424111686041, 1
suspicious_embedded_xls_file, 0.005733369644674417, 4
JBIG2_wrong_version, 0.0014333424111686041, 1
pdf_exploit_fontfile_SING_table_overflow_CVE_2010_2883_A_B, 0.0014333424111686041, 1
pdf_exploit_fontfile_SING_table_overflow_CVE_2010_2883_A, 0.0014333424111686041, 1
pdf_exploit_U3D_CVE_2011_2462_A, 0.0014333424111686041, 1
shellcode_hash__ExitThread, 0.0028666848223372083, 2
suspicious_string_TIFF_overflow_exploit_tif_name_CVE_2010_0188, 0.0014333424111686041, 1
suspicious_shellcode_NOP_Sled, 0.0014333424111686041, 1
